[    0.000000] Initializing cgroup subsys cpuset
[    0.000000] Initializing cgroup subsys cpu
[    0.000000] Initializing cgroup subsys cpuacct
[    0.000000] Linux version 4.4.0-112-generic (buildd@lgw01-amd64-010) (gcc version 5.4.0 20160609 (Ubuntu 5.4.0-6ubuntu1~16.04.5) ) #135-Ubuntu SMP Fri Jan 19 11:48:36 UTC 2018 (Ubuntu 4.4.0-112.135-generic 4.4.98)
[    0.000000] Command line: BOOT_IMAGE=/boot/vmlinuz-4.4.0-112-generic root=LABEL=cloudimg-rootfs ro console=tty1 console=ttyS0
[    0.000000] KERNEL supported cpus:
[    0.000000]   Intel GenuineIntel
[    0.000000]   AMD AuthenticAMD
[    0.000000]   Centaur CentaurHauls
[    0.000000] x86/fpu: xstate_offset[2]:  576, xstate_sizes[2]:  256
[    0.000000] x86/fpu: Supporting XSAVE feature 0x01: 'x87 floating point registers'
[    0.000000] x86/fpu: Supporting XSAVE feature 0x02: 'SSE registers'
[    0.000000] x86/fpu: Supporting XSAVE feature 0x04: 'AVX registers'
[    0.000000] x86/fpu: Enabled xstate features 0x7, context size is 832 bytes, using 'standard' format.
[    0.000000] x86/fpu: Using 'lazy' FPU context switches.
[    0.000000] e820: BIOS-provided physical RAM map:
[    0.000000] BIOS-e820: [mem 0x0000000000000000-0x000000000009fbff] usable
[    0.000000] BIOS-e820: [mem 0x000000000009fc00-0x000000000009ffff] reserved
[    0.000000] BIOS-e820: [mem 0x00000000000f0000-0x00000000000fffff] reserved
[    0.000000] BIOS-e820: [mem 0x0000000000100000-0x000000003ffeffff] usable
[    0.000000] BIOS-e820: [mem 0x000000003fff0000-0x000000003fffffff] ACPI data
[    0.000000] BIOS-e820: [mem 0x00000000fec00000-0x00000000fec00fff] reserved
[    0.000000] BIOS-e820: [mem 0x00000000fee00000-0x00000000fee00fff] reserved
[    0.000000] BIOS-e820: [mem 0x00000000fffc0000-0x00000000ffffffff] reserved
[    0.000000] NX (Execute Disable) protection: active
[    0.000000] SMBIOS 2.5 present.
[    0.000000] Hypervisor detected: KVM
[    0.000000] e820: last_pfn = 0x3fff0 max_arch_pfn = 0x400000000
[    0.000000] MTRR: Disabled
[    0.000000] x86/PAT: MTRRs disabled, skipping PAT initialization too.
[    0.000000] CPU MTRRs all blank - virtualized system.
[    0.000000] x86/PAT: Configuration [0-7]: WB  WT  UC- UC  WB  WT  UC- UC  
[    0.000000] found SMP MP-table at [mem 0x0009fff0-0x0009ffff] mapped at [ffff88000009fff0]
[    0.000000] Scanning 1 areas for low memory corruption
[    0.000000] RAMDISK: [mem 0x36adc000-0x37565fff]
[    0.000000] ACPI: Early table checksum verification disabled
[    0.000000] ACPI: RSDP 0x00000000000E0000 000024 (v02 VBOX  )
[    0.000000] ACPI: XSDT 0x000000003FFF0030 00003C (v01 VBOX   VBOXXSDT 00000001 ASL  00000061)
[    0.000000] ACPI: FACP 0x000000003FFF00F0 0000F4 (v04 VBOX   VBOXFACP 00000001 ASL  00000061)
[    0.000000] ACPI: DSDT 0x000000003FFF0470 0021C8 (v02 VBOX   VBOXBIOS 00000002 INTL 20100528)
[    0.000000] ACPI: FACS 0x000000003FFF0200 000040
[    0.000000] ACPI: FACS 0x000000003FFF0200 000040
[    0.000000] ACPI: APIC 0x000000003FFF0240 00005C (v02 VBOX   VBOXAPIC 00000001 ASL  00000061)
[    0.000000] ACPI: SSDT 0x000000003FFF02A0 0001CC (v01 VBOX   VBOXCPUT 00000002 INTL 20100528)
[    0.000000] No NUMA configuration found
[    0.000000] Faking a node at [mem 0x0000000000000000-0x000000003ffeffff]
[    0.000000] NODE_DATA(0) allocated [mem 0x3ffeb000-0x3ffeffff]
[    0.000000] kvm-clock: Using msrs 4b564d01 and 4b564d00
[    0.000000] kvm-clock: cpu 0, msr 0:3ffe3001, primary cpu clock
[    0.000000] kvm-clock: using sched offset of 2985416606 cycles
[    0.000000] clocksource: kvm-clock: mask: 0xffffffffffffffff max_cycles: 0x1cd42e4dffb, max_idle_ns: 881590591483 ns
[    0.000000] Zone ranges:
[    0.000000]   DMA      [mem 0x0000000000001000-0x0000000000ffffff]
[    0.000000]   DMA32    [mem 0x0000000001000000-0x000000003ffeffff]
[    0.000000]   Normal   empty
[    0.000000]   Device   empty
[    0.000000] Movable zone start for each node
[    0.000000] Early memory node ranges
[    0.000000]   node   0: [mem 0x0000000000001000-0x000000000009efff]
[    0.000000]   node   0: [mem 0x0000000000100000-0x000000003ffeffff]
[    0.000000] Initmem setup node 0 [mem 0x0000000000001000-0x000000003ffeffff]
[    0.000000] ACPI: PM-Timer IO Port: 0x4008
[    0.000000] IOAPIC[0]: apic_id 2, version 32, address 0xfec00000, GSI 0-23
[    0.000000] ACPI: INT_SRC_OVR (bus 0 bus_irq 0 global_irq 2 dfl dfl)
[    0.000000] ACPI: INT_SRC_OVR (bus 0 bus_irq 9 global_irq 9 high level)
[    0.000000] Using ACPI (MADT) for SMP configuration information
[    0.000000] smpboot: Allowing 2 CPUs, 0 hotplug CPUs
[    0.000000] PM: Registered nosave memory: [mem 0x00000000-0x00000fff]
[    0.000000] PM: Registered nosave memory: [mem 0x0009f000-0x0009ffff]
[    0.000000] PM: Registered nosave memory: [mem 0x000a0000-0x000effff]
[    0.000000] PM: Registered nosave memory: [mem 0x000f0000-0x000fffff]
[    0.000000] e820: [mem 0x40000000-0xfebfffff] available for PCI devices
[    0.000000] Booting paravirtualized kernel on KVM
[    0.000000] clocksource: refined-jiffies: mask: 0xffffffff max_cycles: 0xffffffff, max_idle_ns: 7645519600211568 ns
[    0.000000] setup_percpu: NR_CPUS:512 nr_cpumask_bits:512 nr_cpu_ids:2 nr_node_ids:1
[    0.000000] PERCPU: Embedded 34 pages/cpu @ffff88003fc00000 s99544 r8192 d31528 u1048576
[    0.000000] PV qspinlock hash table entries: 256 (order: 0, 4096 bytes)
[    0.000000] Built 1 zonelists in Node order, mobility grouping on.  Total pages: 257913
[    0.000000] Policy zone: DMA32
[    0.000000] Kernel command line: BOOT_IMAGE=/boot/vmlinuz-4.4.0-112-generic root=LABEL=cloudimg-rootfs ro console=tty1 console=ttyS0
[    0.000000] PID hash table entries: 4096 (order: 3, 32768 bytes)
[    0.000000] Memory: 1001740K/1048120K available (8499K kernel code, 1309K rwdata, 3988K rodata, 1508K init, 1316K bss, 46380K reserved, 0K cma-reserved)
[    0.000000] SLUB: HWalign=64, Order=0-3, MinObjects=0, CPUs=2, Nodes=1
[    0.000000] Kernel/User page tables isolation: enabled
[    0.000000] Hierarchical RCU implementation.
[    0.000000] 	Build-time adjustment of leaf fanout to 64.
[    0.000000] 	RCU restricting CPUs from NR_CPUS=512 to nr_cpu_ids=2.
[    0.000000] RCU: Adjusting geometry for rcu_fanout_leaf=64, nr_cpu_ids=2
[    0.000000] NR_IRQS:33024 nr_irqs:440 16
[    0.000000] Console: colour VGA+ 80x25
[    0.000000] console [tty1] enabled
[    0.000000] console [ttyS0] enabled
[    0.000000] tsc: Detected 1995.381 MHz processor
[   11.673157] Calibrating delay loop (skipped) preset value.. 3990.76 BogoMIPS (lpj=7981524)
[   11.866674] pid_max: default: 32768 minimum: 301
[   11.976159] ACPI: Core revision 20150930
[   12.077214] ACPI: 2 ACPI AML tables successfully acquired and loaded
[   12.218608] Security Framework initialized
[   12.282571] Yama: becoming mindful.
[   12.360371] AppArmor: AppArmor initialized
[   12.466361] Dentry cache hash table entries: 131072 (order: 8, 1048576 bytes)
[   12.614609] Inode-cache hash table entries: 65536 (order: 7, 524288 bytes)
[   12.709245] Mount-cache hash table entries: 2048 (order: 2, 16384 bytes)
[   12.795871] Mountpoint-cache hash table entries: 2048 (order: 2, 16384 bytes)
[   12.934775] Initializing cgroup subsys io
[   12.988404] Initializing cgroup subsys memory
[   13.016729] Initializing cgroup subsys devices
[   13.096280] Initializing cgroup subsys freezer
[   13.168658] Initializing cgroup subsys net_cls
[   13.212833] Initializing cgroup subsys perf_event
[   13.321571] Initializing cgroup subsys net_prio
[   13.430437] Initializing cgroup subsys hugetlb
[   13.528315] Initializing cgroup subsys pids
[   13.613040] CPU: Physical Processor ID: 0
[   13.706492] CPU: Processor Core ID: 0
[   13.785704] FEATURE SPEC_CTRL Not Present
[   13.853728] mce: CPU supports 0 MCE banks
[   13.885489] Last level iTLB entries: 4KB 1024, 2MB 1024, 4MB 1024
[   13.957950] Last level dTLB entries: 4KB 1024, 2MB 1024, 4MB 1024, 1GB 4
[   14.091008] Freeing SMP alternatives memory: 32K
[   14.204449] ftrace: allocating 32180 entries in 126 pages
[   14.357517] smpboot: APIC(0) Converting physical 0 to logical package 0
[   14.517961] smpboot: Max logical packages: 1
[   14.610504] x2apic enabled
[   14.673937] Switched APIC routing to physical x2apic.
[   14.783791] ..TIMER: vector=0x30 apic1=0 pin1=2 apic2=-1 pin2=-1
[   15.040171] smpboot: CPU0: Intel(R) Core(TM) i7-4750HQ CPU @ 2.00GHz (family: 0x6, model: 0x46, stepping: 0x1)
[   15.178395] Performance Events: unsupported p6 CPU model 70 no PMU driver, software events only.
[   15.405000] KVM setup paravirtual spinlock
[   15.516316] x86: Booting SMP configuration:
[   15.617001] .... node  #0, CPUs:      #1
[   15.709341] kvm-clock: cpu 1, msr 0:3ffe3041, secondary cpu clock
[   15.893231] mce: CPU supports 0 MCE banks
[   15.994870] x86: Booted up 1 node, 2 CPUs
[   16.108470] smpboot: Total of 2 processors activated (7981.52 BogoMIPS)
[   16.235494] devtmpfs: initialized
[   16.265870] evm: security.selinux
[   16.312978] evm: security.SMACK64
[   16.403670] evm: security.SMACK64EXEC
[   16.490911] evm: security.SMACK64TRANSMUTE
[   16.608589] evm: security.SMACK64MMAP
[   16.702738] evm: security.ima
[   16.789573] evm: security.capability
[   16.870825] clocksource: jiffies: mask: 0xffffffff max_cycles: 0xffffffff, max_idle_ns: 7645041785100000 ns
[   17.116642] futex hash table entries: 512 (order: 3, 32768 bytes)
[   17.135105] pinctrl core: initialized pinctrl subsystem
[   17.174534] RTC time:  0:07:29, date: 01/29/18
[   17.200835] NET: Registered protocol family 16
[   17.280934] cpuidle: using governor ladder
[   17.377004] cpuidle: using governor menu
[   17.443840] PCCT header not found.
[   17.465221] ACPI: bus type PCI registered
[   17.514870] acpiphp: ACPI Hot Plug PCI Controller Driver version: 0.5
[   17.664342] PCI: Using configuration type 1 for base access
[   17.806860] ACPI: Added _OSI(Module Device)
[   17.903851] ACPI: Added _OSI(Processor Device)
[   17.993985] ACPI: Added _OSI(3.0 _SCP Extensions)
[   18.125537] ACPI: Added _OSI(Processor Aggregator Device)
[   18.273461] ACPI: Executed 1 blocks of module-level executable AML code
[   18.438933] ACPI: Interpreter enabled
[   18.515680] ACPI: (supports S0 S5)
[   18.599610] ACPI: Using IOAPIC for interrupt routing
[   18.664707] PCI: Using host bridge windows from ACPI; if necessary, use "pci=nocrs" and report a bug
[   18.841298] ACPI: PCI Root Bridge [PCI0] (domain 0000 [bus 00-ff])
[   18.981223] acpi PNP0A03:00: _OSC: OS supports [ASPM ClockPM Segments MSI]
[   19.132506] acpi PNP0A03:00: _OSC failed (AE_NOT_FOUND); disabling ASPM
[   19.177781] acpi PNP0A03:00: fail to add MMCONFIG information, can't access extended PCI configuration space under this bridge.
[   19.389941] PCI host bridge to bus 0000:00
[   19.500217] pci_bus 0000:00: root bus resource [io  0x0000-0x0cf7 window]
[   19.685049] pci_bus 0000:00: root bus resource [io  0x0d00-0xffff window]
[   19.808629] pci_bus 0000:00: root bus resource [mem 0x000a0000-0x000bffff window]
[   19.881691] pci_bus 0000:00: root bus resource [mem 0x40000000-0xffdfffff window]
[   20.076006] pci_bus 0000:00: root bus resource [bus 00-ff]
[   20.179355] pci 0000:00:01.1: legacy IDE quirk: reg 0x10: [io  0x01f0-0x01f7]
[   20.350534] pci 0000:00:01.1: legacy IDE quirk: reg 0x14: [io  0x03f6]
[   20.502119] pci 0000:00:01.1: legacy IDE quirk: reg 0x18: [io  0x0170-0x0177]
[   20.686946] pci 0000:00:01.1: legacy IDE quirk: reg 0x1c: [io  0x0376]
[   20.851212] pci 0000:00:07.0: quirk: [io  0x4000-0x403f] claimed by PIIX4 ACPI
[   21.008857] pci 0000:00:07.0: quirk: [io  0x4100-0x410f] claimed by PIIX4 SMB
[   21.075503] ACPI: PCI Interrupt Link [LNKA] (IRQs 5 9 10 *11)
[   21.210104] ACPI: PCI Interrupt Link [LNKB] (IRQs 5 9 10 *11)
[   21.352905] ACPI: PCI Interrupt Link [LNKC] (IRQs 5 9 *10 11)
[   21.482463] ACPI: PCI Interrupt Link [LNKD] (IRQs 5 *9 10 11)
[   21.635293] ACPI: Enabled 2 GPEs in block 00 to 07
[   21.757772] vgaarb: setting as boot device: PCI:0000:00:02.0
[   21.890877] vgaarb: device added: PCI:0000:00:02.0,decodes=io+mem,owns=io+mem,locks=none
[   22.109621] vgaarb: loaded
[   22.180975] vgaarb: bridge control possible 0000:00:02.0
[   22.227182] SCSI subsystem initialized
[   22.260245] ACPI: bus type USB registered
[   22.346437] usbcore: registered new interface driver usbfs
[   22.387669] usbcore: registered new interface driver hub
[   22.388910] usbcore: registered new device driver usb
[   22.392937] PCI: Using ACPI for IRQ routing
[   22.485705] NetLabel: Initializing
[   22.578915] NetLabel:  domain hash size = 128
[   22.686404] NetLabel:  protocols = UNLABELED CIPSOv4
[   22.787815] NetLabel:  unlabeled traffic allowed by default
[   22.912879] amd_nb: Cannot enumerate AMD northbridges
[   23.034785] clocksource: Switched to clocksource kvm-clock
[   23.163232] AppArmor: AppArmor Filesystem Enabled
[   23.290824] pnp: PnP ACPI init
[   23.367392] pnp: PnP ACPI: found 3 devices
[   23.447685] clocksource: acpi_pm: mask: 0xffffff max_cycles: 0xffffff, max_idle_ns: 2085701024 ns
[   23.692440] NET: Registered protocol family 2
[   23.828735] TCP established hash table entries: 8192 (order: 4, 65536 bytes)
[   24.023465] TCP bind hash table entries: 8192 (order: 5, 131072 bytes)
[   24.206409] TCP: Hash tables configured (established 8192 bind 8192)
[   24.374499] UDP hash table entries: 512 (order: 2, 16384 bytes)
[   24.525084] UDP-Lite hash table entries: 512 (order: 2, 16384 bytes)
[   24.630769] NET: Registered protocol family 1
[   24.747372] pci 0000:00:00.0: Limiting direct PCI/PCI transfers
[   24.908522] pci 0000:00:01.0: Activating ISA DMA hang workarounds
[   25.088127] Unpacking initramfs...
[   26.848170] Freeing initrd memory: 10792K
[   26.939880] platform rtc_cmos: registered platform RTC device (no PNP device found)
[   27.016240] Scanning for low memory corruption every 60 seconds
[   27.067716] audit: initializing netlink subsys (disabled)
[   27.195246] audit: type=2000 audit(1517184441.256:1): initialized
[   27.349810] Initialise system trusted keyring
[   27.455860] HugeTLB registered 2 MB page size, pre-allocated 0 pages
[   27.622160] zbud: loaded
[   27.696478] VFS: Disk quotas dquot_6.6.0
[   27.810311] VFS: Dquot-cache hash table entries: 512 (order 0, 4096 bytes)
[   28.010385] tsc: Refined TSC clocksource calibration: 1994.469 MHz
[   28.176391] clocksource: tsc: mask: 0xffffffffffffffff max_cycles: 0x397f8ababf2, max_idle_ns: 881590811625 ns
[   28.176868] squashfs: version 4.0 (2009/01/31) Phillip Lougher
[   28.177174] fuse init (API version 7.23)
[   28.177295] Key type big_key registered
[   28.177321] Allocating IMA MOK and blacklist keyrings.
[   28.177562] Key type asymmetric registered
[   28.177570] Asymmetric key parser 'x509' registered
[   28.177619] Block layer SCSI generic (bsg) driver version 0.4 loaded (major 249)
[   28.177691] io scheduler noop registered
[   28.177693] io scheduler deadline registered (default)
[   28.177764] io scheduler cfq registered
[   28.177866] pci_hotplug: PCI Hot Plug PCI Core version: 0.5
[   28.177870] pciehp: PCI Express Hot Plug Controller Driver version: 0.4
[   28.178267] ACPI: AC Adapter [AC] (on-line)
[   28.178331] input: Power Button as /devices/LNXSYSTM:00/LNXPWRBN:00/input/input0
[   28.178334] ACPI: Power Button [PWRF]
[   28.178408] input: Sleep Button as /devices/LNXSYSTM:00/LNXSLPBN:00/input/input1
[   28.178409] ACPI: Sleep Button [SLPF]
[   28.178560] GHES: HEST is not enabled!
[   28.179749] ACPI: Battery Slot [BAT0] (battery present)
[   28.179795] Serial: 8250/16550 driver, 32 ports, IRQ sharing enabled
[   28.395030] 00:02: ttyS0 at I/O 0x3f8 (irq = 4, base_baud = 115200) is a 16550A
[   28.504755] Linux agpgart interface v0.103
[   28.569900] loop: module loaded
[   28.570481] scsi host0: ata_piix
[   28.570545] scsi host1: ata_piix
[   28.570573] ata1: PATA max UDMA/33 cmd 0x1f0 ctl 0x3f6 bmdma 0xd000 irq 14
[   28.570573] ata2: PATA max UDMA/33 cmd 0x170 ctl 0x376 bmdma 0xd008 irq 15
[   28.570637] libphy: Fixed MDIO Bus: probed
[   28.570639] tun: Universal TUN/TAP device driver, 1.6
[   28.570639] tun: (C) 1999-2004 Max Krasnyansky <maxk@qualcomm.com>
[   28.571075] PPP generic driver version 2.4.2
[   28.571172] ehci_hcd: USB 2.0 'Enhanced' Host Controller (EHCI) Driver
[   28.571176] ehci-pci: EHCI PCI platform driver
[   28.571190] ehci-platform: EHCI generic platform driver
[   28.571197] ohci_hcd: USB 1.1 'Open' Host Controller (OHCI) Driver
[   28.571199] ohci-pci: OHCI PCI platform driver
[   28.571206] ohci-platform: OHCI generic platform driver
[   28.571236] uhci_hcd: USB Universal Host Controller Interface driver
[   28.571307] i8042: PNP: PS/2 Controller [PNP0303:PS2K,PNP0f03:PS2M] at 0x60,0x64 irq 1,12
[   28.600214] serio: i8042 KBD port at 0x60,0x64 irq 1
[   28.600221] serio: i8042 AUX port at 0x60,0x64 irq 12
[   28.600382] mousedev: PS/2 mouse device common for all mice
[   28.600716] rtc_cmos rtc_cmos: rtc core: registered rtc_cmos as rtc0
[   28.600777] rtc_cmos rtc_cmos: alarms up to one day, 114 bytes nvram
[   28.600784] i2c /dev entries driver
[   28.600844] device-mapper: uevent: version 1.0.3
[   28.600898] device-mapper: ioctl: 4.34.0-ioctl (2015-10-28) initialised: dm-devel@redhat.com
[   28.600919] ledtrig-cpu: registered to indicate activity on CPUs
[   28.601200] NET: Registered protocol family 10
[   28.601346] NET: Registered protocol family 17
[   28.601356] Key type dns_resolver registered
[   28.731469] microcode: CPU0 sig=0x40661, pf=0x40, revision=0x0
[   28.731539] microcode: CPU1 sig=0x40661, pf=0x40, revision=0x0
[   28.731604] microcode: Microcode Update Driver: v2.01 <tigran@aivazian.fsnet.co.uk>, Peter Oruba
[   28.731730] registered taskstats version 1
[   28.731743] Loading compiled-in X.509 certificates
[   28.732372] Loaded X.509 cert 'Build time autogenerated kernel key: 4c603087bab8f0a02cb3b4e1fb4c40f507e71ef1'
[   28.732391] zswap: loaded using pool lzo/zbud
[   28.734107] Key type trusted registered
[   28.737269] Key type encrypted registered
[   28.737274] AppArmor: AppArmor sha1 policy hashing enabled
[   28.737277] ima: No TPM chip found, activating TPM-bypass!
[   28.737295] evm: HMAC attrs: 0x1
[   28.737591]   Magic number: 2:210:103
[   28.895232] rtc_cmos rtc_cmos: setting system clock to 2018-01-29 00:07:40 UTC (1517184460)
[   28.895395] BIOS EDD facility v0.16 2004-Jun-25, 0 devices found
[   28.895395] EDD information not available.
[   29.284297] input: AT Translated Set 2 keyboard as /devices/platform/i8042/serio0/input/input2
[   35.990175] Freeing unused kernel memory: 1508K
[   36.143223] Write protecting the kernel read-only data: 14336k
[   36.363575] Freeing unused kernel memory: 1728K
[   36.496905] Freeing unused kernel memory: 108K
Loading, please wait...
[   36.543559] random: systemd-udevd: uninitialized urandom read (16 bytes read, 4 bits of entropy available)
starting version[   36.544248] random: udevadm: uninitialized urandom read (16 bytes read, 4 bits of entropy available)
 229
[   36.544291] random: udevadm: uninitialized urandom read (16 bytes read, 4 bits of entropy available)
[   36.558927] random: udevadm: uninitialized urandom read (16 bytes read, 4 bits of entropy available)
[   36.558984] random: udevadm: uninitialized urandom read (16 bytes read, 4 bits of entropy available)
[   36.559203] random: udevadm: uninitialized urandom read (16 bytes read, 4 bits of entropy available)
[   36.559329] random: udevadm: uninitialized urandom read (16 bytes read, 4 bits of entropy available)
[   36.559404] random: udevadm: uninitialized urandom read (16 bytes read, 4 bits of entropy available)
[   36.559529] random: udevadm: uninitialized urandom read (16 bytes read, 4 bits of entropy available)
[   36.559618] random: udevadm: uninitialized urandom read (16 bytes read, 4 bits of entropy available)
[   39.217148] Fusion MPT base driver 3.04.20
[   39.310364] Copyright (c) 1999-2008 LSI Corporation
[   39.428796] Fusion MPT SPI Host driver 3.04.20
[   39.562591] mptbase: ioc0: Initiating bringup
[   39.565719] e1000: Intel(R) PRO/1000 Network Driver - version 7.3.21-k8-NAPI
[   39.565719] e1000: Copyright (c) 1999-2006 Intel Corporation.
[   39.855996] input: ImExPS/2 Generic Explorer Mouse as /devices/platform/i8042/serio1/input/input4
[   40.101799] AVX version of gcm_enc/dec engaged.
[   40.138739] AES CTR mode by8 optimization enabled
[   40.179225] ioc0: LSI53C1030 A0: Capabilities={Initiator}
[   40.574188] scsi host2: ioc0: LSI53C1030 A0, FwRev=00000000h, Ports=1, MaxQ=256, IRQ=20
[   40.951849] scsi 2:0:0:0: Direct-Access     VBOX     HARDDISK         1.0  PQ: 0 ANSI: 5
[   41.278961] scsi target2:0:0: Beginning Domain Validation
[   41.305543] scsi target2:0:0: Domain Validation skipping write tests
[   41.321235] scsi target2:0:0: Ending Domain Validation
[   41.359820] scsi target2:0:0: asynchronous
[   41.456529] scsi 2:0:1:0: Direct-Access     VBOX     HARDDISK         1.0  PQ: 0 ANSI: 5
[   41.458111] scsi target2:0:1: Beginning Domain Validation
[   41.460574] scsi target2:0:1: Domain Validation skipping write tests
[   41.462788] scsi target2:0:1: Ending Domain Validation
[   41.463893] scsi target2:0:1: asynchronous
[   41.583593] sd 2:0:0:0: Attached scsi generic sg0 type 0
[   41.634706] e1000 0000:00:03.0 eth0: (PCI:33MHz:32-bit) 02:1f:2a:60:99:e3
[   41.634710] e1000 0000:00:03.0 eth0: Intel(R) PRO/1000 Network Connection
[   41.792232] sd 2:0:0:0: [sda] 20971520 512-byte logical blocks: (10.7 GB/10.0 GiB)
[   41.792483] sd 2:0:0:0: [sda] Write Protect is off
[   41.792654] sd 2:0:0:0: [sda] Incomplete mode parameter data
[   41.792655] sd 2:0:0:0: [sda] Assuming drive cache: write through
[   41.924386]  sda: sda1
[   41.925129] sd 2:0:0:0: [sda] Attached SCSI disk
[   41.987796] e1000 0000:00:08.0 eth1: (PCI:33MHz:32-bit) 08:00:27:94:53:33
[   41.987799] e1000 0000:00:08.0 eth1: Intel(R) PRO/1000 Network Connection
[   42.094073] e1000 0000:00:03.0 enp0s3: renamed from eth0
[   42.317226] floppy0: no floppy controllers found
[   43.585897] sd 2:0:1:0: [sdb] 20480 512-byte logical blocks: (10.5 MB/10.0 MiB)
[   43.655431] sd 2:0:1:0: Attached scsi generic sg1 type 0
[   43.706481] sd 2:0:1:0: [sdb] Write Protect is off
[   43.737923] e1000 0000:00:08.0 enp0s8: renamed from eth1
[   43.786358] sd 2:0:1:0: [sdb] Incomplete mode parameter data
[   43.787401] sd 2:0:1:0: [sdb] Assuming drive cache: write through
[   43.791395] sd 2:0:1:0: [sdb] Attached SCSI disk
Begin: Loading e[   45.138944] md: linear personality registered for level -1
ssential drivers[   45.291111] md: multipath personality registered for level -4
 ... [   45.454703] md: raid0 personality registered for level 0
[   45.599370] md: raid1 personality registered for level 1
[   45.798935] raid6: sse2x1   gen()  9674 MB/s
[   45.966796] raid6: sse2x1   xor()  6977 MB/s
[   46.130956] raid6: sse2x2   gen() 11043 MB/s
[   46.291159] raid6: sse2x2   xor()  7440 MB/s
[   46.458866] raid6: sse2x4   gen() 14129 MB/s
[   46.642846] raid6: sse2x4   xor()  9816 MB/s
[   46.758575] raid6: using algorithm sse2x4 gen() 14129 MB/s
[   46.906116] raid6: .... xor() 9816 MB/s, rmw enabled
[   47.052760] raid6: using ssse3x2 recovery algorithm
[   47.157438] xor: automatically using best checksumming function:
[   47.299395]    avx       : 20872.000 MB/sec
[   47.451154] async_tx: api initialized (async)
[   47.579646] md: raid6 personality registered for level 6
[   47.701233] md: raid5 personality registered for level 5
[   47.840221] md: raid4 personality registered for level 4
[   47.988051] md: raid10 personality registered for level 10
done.
Begin: Running /scripts/init-p[   48.270182] Btrfs loaded
remount ... done.
Begin: Mounting root file system ... Begin: R[   48.362842] EXT4-fs (sda1): mounted filesystem with ordered data mode. Opts: (null)
unning /scripts/local-top ... done.
Begin: Running /scripts/local-premount ... Scanning for Btrfs filesystems
done.
Warning: fsck not present, so skipping root file system
done.
Begin: Running /scripts/local-bottom ... done.
Begin: Running /scripts/init-bottom ... done.
[   48.530992] systemd[1]: systemd 229 running in system mode. (+PAM +AUDIT +SELIUUX +IMA++APPARMOR +SMACK +SYSVINIT +UTMP +LIBCRYPTSETUP +GCRYPT +GNUTLS +ACL +XZ -LZ4 +SECCOMP +BLKID +ELFUTILS +KMOD -IDN)
[   49.264165] systemd[1]: Detected virtualization oracle
[   49.503188] systemd[1]: Detected architecture x86-64.

Welcome to [1mUbuntu 16.04.3 LTS[0m!

[   49.671395] systemd[1]: Set hostname to <ubuntu>.
[   49.682559] systemd[1]: Initializing machine ID from random generator.
[   49.905550] systemd[1]: Installed transient /etc/machine-id file.
[   50.154306] systemd[1]: Listening on LVM2 metadata daemon socket.
[[0;32m  OK  [0m] Listening on LVM2 metadata daemon socket.
[   50.195222] systemd[1]: Listening on Device-mapper event daemon FIFOs.
[[0;32m  OK  [0m] Listening on Device-mapper event daemon FIFOs.
[   50.499136] systemd[1]: Listening on /dev/initctl Compatibility Named Pipe.
[[0;32m  OK  [0m] Listening on /dev/initctl Compatibility Named Pipe.
[   50.779764] systemd[1]: Started Trigger resolvconf update for networkd DNS.
[[0;32m  OK  [0m] Started Trigger resolvconf update for networkd DNS.
[   50.888189] systemd[1]: Created slice User and Session Slice.
[[0;32m  OK  [0m] Created slice User and Session Slice.
[   51.223180] systemd[1]: Reached target Encrypted Volumes.
[[0;32m  OK  [0m] Reached target Encrypted Volumes.
[   51.475320] systemd[1]: Reached target Swap.
[[0;32m  OK  [0m] Reached target Swap.
[   51.671843] systemd[1]: Listening on udev Control Socket.
[[0;32m  OK  [0m] Listening on udev Control Socket.
[   51.871939] systemd[1]: Listening on Journal Socket (/dev/log).
[[0;32m  OK  [0m] Listening on Journal Socket (/dev/log).
[   52.035094] systemd[1]: Listening on Syslog Socket.
[[0;32m  OK  [0m] Listening on Syslog Socket.
[   52.100964] systemd[1]: Listening on Journal Audit Socket.
[[0;32m  OK  [0m] Listening on Journal Audit Socket.
[   52.299819] systemd[1]: Set up automount Arbitrary Executable File Formats File System Automount Point.
[[0;32m  OK  [0m] Set up automount Arbitrary Executab...ats File System Automount Point.
[   52.771679] systemd[1]: Started Forward Password Requests to Wall Directory Watch.
[[0;32m  OK  [0m] Started Forward Password Requests to Wall Directory Watch.
[   53.079310] systemd[1]: Listening on LVM2 poll daemon socket.
[[0;32m  OK  [0m] Listening on LVM2 poll daemon socket.
[   53.231068] systemd[1]: Listening on udev Kernel Socket.
[[0;32m  OK  [0m] Listening on udev Kernel Socket.
[   53.384085] systemd[1]: Created slice System Slice.
[[0;32m  OK  [0m] Created slice System Slice.
[   53.661912] systemd[1]: Reached target Slices.
[[0;32m  OK  [0m] Reached target Slices.
[   53.883672] systemd[1]: Created slice system-serial\x2dgetty.slice.
[[0;32m  OK  [0m] Created slice system-serial\x2dgetty.slice.
[   54.229554] systemd[1]  Listening on Journal Socket.
[[0;32m  OK  [0m] Listening on Journal Socket.
[   54.423061] systemd[1]: Mounting Debug File System...
         Mounting Debug File System...
[   54.483840] systemd[1]: Starting Set console keymap...
[   54.486229] random: nonblocking pool is initialized
         Starting Set console keymap...
[   54.867243] systemd[1]: Mounting Huge Pages File System...
         Mounting Huge Pages File System...
[   55.151723] systemd[1]: Starting Remount Root and Kernel File Systems...
[   55.156329] EXT4-fs (sda1): re-mounted. Opts: (null)
         Starting Remount Root and Kernel File Systems...
[   55.602933] systemd[1]: Mounting POSIX Message Queue File System...
         Mounting POSIX Message Queue File System...
[   55.731415] systemd[1]: Starting Load Kernel Modules...
[   55.858075] Loading iSCSI transport class v2.0-870.
         Startin[   55.987751] iscsi: registered transport (tcp)
g Load Kernel Modules...
[   56.133094] iscsi: registered transport (iser)
[   56.281194] systemd[1]:SStarting Create list of required static device nodes for the current kernel...
         Starting Create list of required st... nodes for the current kernel...
[   56.703481] systemd[1]: Starting Nameserver information manager...
         Starting Nameserver information manager...
[   56.823600] systemd[1]: Starting Uncomplicated firewall...
         Starting Uncomplicated firewall...
[   57.063243] systemd[1]: Reached target Useraand Group Name Lookups.
[[0;32m  OK  [0m] Reached target User and Group Name Lookups.
[   57.419737] systemd[1]: Starting Journal Service...
         Starting Journal Service...
[   57.643641] systemd[1]: Starting Monitoring of LVM2 mirrors, snapshots etc. using dmeventd or progress polling...
         Starting Monitoring of LVM2 mirrors... dmeventd or progress polling...
[   58.000872] systemd[1]: Mounted Huge Pages File System.
[[0;32m  OK  [0m] Mounted Huge Pages File System.
[   58.259401] systemd[1]: Mounted Debug File System.
[[0;32m  OK  [0m] Mounted Debug File System.
[   58.579573] systemd[1]: Mounted POSIX Messag  Queue File System.
[[0;32m  OK  [0m] Mounted POSIX Message Queue File System.
[   58.823531] systemd[1]: Started Journal Service.
[[0;32m  OK  [0m] Started Journal Service.
[[0;32m  OK  [0m] Started Set console keymap.
[[0;32m  OK  [0m] Started Remount Root and Kernel File Systems.
[[0;32m  OK  [0m] Started Load Kernel Modules.
[[0;32m  OK  [0m] Started Create list of required sta...ce nodes for the current kernel.
[[0;32m  OK  [0m] Started Uncomplicated firewall.
[[0;32m  OK  [0m] Started Nameserver information manager.
[[0;32m  OK  [0m] Started LVM2 metadata daemon.
         Starting Create Static Device Nodes in /dev...
         Starting Apply Kernel Variables...
         Mounting FUSE Control File System...
         Starting udev Coldplug all Devices...
         Starting Initial cloud-init job (pre-networking)...
         Starting Load/Save Random Seed...
         Starting Flush Journal to Persistent Storage...
[[0;32m  OK  [0m] Mounted FUSE Control File System.
[[0;32m  OK  [0m] Started Monitoring of LVM2 mirrors,...ng dmeventd or progress polling.
[[0;32m  OK  [0m] Started Create Static Device Nodes in /dev.
[[0;32m  OK  [0m] Started Apply Kernel Variables.
[[0;32m  OK  [0m] Started Load/Save Random Seed.
[[0;32m  OK  [0m] Started udev Coldplug all Devices.
[[0;32m  OK  [0m] Started Flush Journal to Persistent Storage.
         Starting udev Kernel Device Manager...
[[0;32m  OK  [0m] Started udev Kernel Device Manager.
[[0;32m  OK  [0m] Reached target Local File Systems (Pre).
[[0;32m  OK  [0m] Reached target Local File Systems.
         Starting LSB: AppArmor initialization...
         Starting Set console font and keymap...
[   38.274198] cloud-init[453]: Cloud-init v. 17.1 running 'init-local' at Mon, 29 Jan 2018 00:08:11 +0000. Up 37.93 seconds.
         Starting Tell Plymouth To Write Out Runtime Data...
         Starting Commit a transient machine-id on disk...
         Starting Create Volatile Files and Directories...
[[0;32m  OK  [0m] Started Dispatch Password Requests to Console Directory Watch.
[[0;1;31mFAILED[0m] Failed to start Set console font and keymap.
See 'systemctl status console-setup.service' for details.
[[0;32m  OK  [0m] Started Tell Plymouth To Write Out Runtime Data.
[[0;32m  OK  [0m] Started Commit a transient machine-id on disk.
[[0;32m  OK  [0m] Started Create Volatile Files and Directories.
[[0;32m  OK  [0m] Started Initial cloud-init job (pre-networking).
[[0;32m  OK  [0m] Found device /dev/ttyS0.
[[0;32m  OK  [0m] Listening on Load/Save RF Kill Switch Status /dev/rfkill Watch.
[[0;32m  OK  [0m] Reached target Network (Pre).
         Starting Update UTMP about System Boot/Shutdown...
[[0;32m  OK  [0m] Reached target System Time Synchronized.
[[0;32m  OK  [0m] Created slice system-getty.slice.
[[0;32m  OK  [0m] Started LSB: AppArmor initialization.
[[0;32m  OK  [0m] Started Update UTMP about System Boot/Shutdown.
         Starting Raise network interfaces...
[[0;32m  OK  [0m] Started ifup for enp0s3.
[[0;32m  OK  [0m] Started Raise network interfaces.
         Starting Initial cloud-init job (metadata service crawler)...
[[0;32m  OK  [0m] Reached target Network.
[   42.178216] cloud-init[944]: Cloud-init v. 17.1 running 'init' at Mon, 29 Jan 2018 00:08:15 +0000. Up 41.66 seconds.
[   42.256968] cloud-init[944]: ci-info: ++++++++++++++++++++++++++++++++++++++Net device info++++++++++++++++++++++++++++++++++++++
[[0;32m  OK  [0m] Started Initial cloud-init job (metadata service crawler).
[   42.257580] cloud-init[944]: ci-info: +--------+-------+----------------------------+---------------+-------+-------------------+
[   42.508780] cloud-init[944]: ci-info: | Device |   Up  |          Address           |      Mask     | Scope |     Hw-Address    |
[   42.509238] cloud-init[944]: ci-info: +--------+-------+----------------------------+---------------+-------+-------------------+
[[0;32m  OK  [0m] Reached target System Initialization.
[   42.509444] cloud-init[944]: ci-info: | enp0s3 |  True |         10.0.2.15          | 255.255.255.0 |   .   | 02:1f:2a:60:99:e3 |
[   42.837090] cloud-init[944]: ci-info: | enp0s3 |  True | fe80::1f:2aff:fe60:99e3/64 |       .       |  link | 02:1f:2a:60:99:e3 |
[   42.837626] cloud-init[944]: ci-info: | enp0s8 | False |             .              |       .       |   .   | 08:00:27:94:53:33 |
[[0;32m  OK  [0m] Started Timer to automatically refresh installed snaps.
[[   42.837820] cloud-init[944]: ci-info: |   lo   |  True |         127.0.0.1          |   255.0.0.0   |   .   |         .         |
[   43.057035] cloud-init[944]: ci-info: |   lo   |  True |          ::1/128           |       .       |  host |         .         |
[0;32m  OK  [0m] Listening on D-Bus System Message Bus Socket.
[   43.057241] cloud-init[944]: ci-info: +--------+-------+----------------------------+---------------+-------+-------------------+
[   43.067054] cloud-init[944]: ci-info: +++++++++++++++++++++++++++Route IPv4 info++++++++++++++++++++++++++++
[[0;32m  OK  [0m] Started Daily Cleanup of Temporary Directories.
[   43.067176] cloud-init[944]: ci-info: +-------+-------------+----------+---------------+-----------+-------+
         [   43.379964] Starting LXD - unix socket.cloud-init
[944]: ci-info: | Route | Destination | Gateway  |    Genmask    | Interface | Flags |
[   43.485005] cloud-init[944]: ci-info: +-------+-------------+----------+---------------+-----------+-------+
[   43.485556] cloud-init[944]: ci-info: |   0   |   0.0.0.0   | 10.0.2.2 |    0.0.0.0    |   enp0s3  |   UG  |
         Starting Socket activation for snappy daemon.
[   43.485791] cloud-init[944]: ci-info: |   1   |   10.0.2.0  | 0.0.0.0  | 255.255.255.0 |   enp0s3  |   U   |
[   43.715197] cloud-init[944]: ci-info: +-------+-------------+----------+---------------+-----------+-------+
[   43.715459] cloud-init[944]: Generating public/private rsa key pair.
[[0;32m  OK  [0m] Started ACPI Events Check.
[[   43.715625] cloud-init[944]: Your identification has been saved in /etc/ssh/ssh_host_rsa_key.
[   43.865209] cloud-init[944]: Your public key has been saved in /etc/ssh/ssh_host_rsa_key.pub.
[0;32m  OK  [0m] Reached target Paths.
[[   43.865287] cloud-init[944]: The key fingerprint is:
[   43.914181] cloud-init[944]: SHA256:/jDn7gIdcSSNvfFqQguUtnSQ31C/yGT2Srdas0MMVUY root@ubuntu-xenial
[0;32m  OK  [0m] Listening on ACPID Listen Socket.
[[   43.914288] cloud-init[944]: The key's randomart image is:
[   44.036850] cloud-init[944]: +---[RSA 2048]----+
[0;32m  OK  [0m] Listening on UUID daemon activation socket.
[   44.036998] cloud-init[944]: |      .+.*o  oE  |
[   44.127093] cloud-init[944]: |      * =.=...   |
[[0;32m  OK  [0m] Reached target Network is Online.
[[0;32m  OK  [0m] Started Daily apt download activities.
[   44.127192] cloud-init[944]: |     + + =+=.    |
[   44.272664] cloud-init[944]: |      o +=+o..   |
[   44.272932] cloud-init[944]: |       +So+++    |
[[0;32m  OK  [0m] Started Daily apt upgrade and clean activities.
[   44.273084] cloud-init[944]: |      ..+.ooo.   |
[   44.370653] cloud-init[944]: |       .+oo.+    |
[[0;32m  OK  [0m] Reached target Timers.
[   44.370772] cloud-init[944]: |        .* o.o   |
[   44.508672] cloud-init[944]: |         +* ..   |
[   44.509034] cloud-init[944]: +----[SHA256]-----+
         Starting iSCSI initiator daemon (iscsid)...
[[   44.509205] cloud-init[944]: Generating public/private dsa key pair.
[   44.620913] cloud-init[944]: Your identification has been saved in /etc/ssh/ssh_host_dsa_key.
[0;32m  OK  [0m] Reached target Cloud-config availability.
[   44.620998] cloud-init[944]: Your public key has been saved in /etc/ssh/ssh_host_dsa_key.pub.
[   44.689037] cloud-init[944]: The key fingerprint is:
[   44.689462] cloud-init[944]: SHA256:yJREbwf+0yEWzVpB+ib3e5wzykpnQ74X9MoVy+BBSoU root@ubuntu-xenial
[[0;32m  OK  [0m] Listening on LXD - unix socket.
[   44.689679] cloud-init[944]: The key's randomart image is:
[   44.836709] cloud-init[944]: +---[DSA 1024]----+
[[0;32m  OK  [0m] Listening on Socket activation for snappy daemon.
[   44.836828] cloud-init[944]: |     .o . .+=o   |
[   44.988441] cloud-init[944]: |     . + . E+.   |
[   44.988709] cloud-init[944]: |      o + *o+    |
[[0;32m  OK  [0m] Reached target Sockets.
[[   44.988852] cloud-init[944]: |     o o +.= + o |
[   45.069341] cloud-init[944]: |      o S + *.= +|
[0;32m  OK  [0m] Reached target Basic System.
[   45.069442] cloud-init[944]: |           =oo +o|
[   45.202861] cloud-init[944]: |           . *.+o|
[   45.203116] cloud-init[944]: |          . + =*o|
         Starting Accounts Service...
[   45.203265] cloud-init[944]: |           ..++.o|
[   45.316387] cloud-init[944]: +----[SHA256]-----+
[   45.316657] cloud-init[944]: Generating public/private ecdsa key pair.
         Starting System Logging Service...
[   45.316861] cloud-init[944]: Your identification has been saved in /etc/ssh/ssh_host_ecdsa_key.
[   45.460440] cloud-init[944]: Your public key has been saved in /etc/ssh/ssh_host_ecdsa_key.pub.
[   45.460696] cloud-init[944]: [The key fingerprint is:[0;32m  OK  [0m
] Started Regular background program processing daemon.
[   45.460867] cloud-init[944]: SHA256:mU22HkdaPq4ZS7zpsuqjhK5utD2hv8ILOUTkeu9GdBs root@ubuntu-xenial
[   45.580662] cloud-init[944]: The key's randomart image is:
[   45.580888] cloud-init[944]: +---[ECDSA 256]---+
[[0;32m  OK  [0m] Started Deferred execution scheduler.
[   45.581018] cloud-init[944]: | .               |
[   45.728604] cloud-init[944]: |o                |
[   45.728931] cloud-init[944]: | o        o o    |
         Starting LSB: MD monitoring daemon...
[   45.729088] cloud-init[944]: |o   . E  * *     |
[   45.842001] cloud-init[944]: |.... . oS = +    |
[   45.842207] cloud-init[944]: |.+ +. .  o + .   |
[[0;32m  OK  [0m] Started FUSE filesystem for LXC.
[   45.842334] cloud-init[944]: |* =.+     = .    |
[   45.980461] cloud-init[944]: |.O =. . .. B     |
[   45.980691] cloud-init[944]: |++=+=ooo.+B      |
         Starting LSB: Record successful boot for GRUB...
[[   45.980822] cloud-init[944]: +----[SHA256]-----+
[0;32m  OK  [0m] Started Unattended Upgrades Shutdown.
[   46.035151] cloud-init[944]: Generating public/private ed25519 key pair.
[   46.152509] cloud-init[944]: Your identification has been saved in /etc/ssh/ssh_host_ed25519_key.
[   46.152736] cloud-init[944]: Your public key has been saved in /etc/ssh/ssh_host_ed25519_key.pub.
[[0;32m  OK  [0m] Started D-Bus System Message Bus.
[   46.153023] cloud-init[944]: The key fingerprint is:
         [   46.280330] Starting Pollinate to seed the pseudo random number generator...cloud-init
[944]: SHA256:cFdvVUHjaWL/uX1jrVV+eI5L1bhq6122AcLc7JgXPXM root@ubuntu-xenial
[   46.356540] cloud-init[944]: The key's randomart image is:
[   46.356808] cloud-init[944]: +--[ED25519 256]--+
         Starting Login Service...
[   46.356929] cloud-init[944]: |            . .+=|
[   46.460461] cloud-init[944]: |           . ...o|
[   46.460728] cloud-init[944]: |      . . .  oo+ |
[[0;32m  OK  [0m] Started ACPI event daemon.
[   46.460855] cloud-init[944]: |       o .o +.=..|
[   46.579873] cloud-init[944]: |        S  + =.=E|
[   46.580336] cloud-init[944]: |            = o=B|
         Starting Apply the settings specified in cloud-config...
[   46.580602] cloud-init[944]: |           o o+oX|
[   46.684411] cloud-init[944]: |            o+ XO|
[   46.684785] cloud-init[944]: |           o+.*==|
         Starting Snappy daemon...
[   46.684945] cloud-init[944]: +----[SHA256]-----+
         Starting /etc/rc.local Compatibility...
         Starting LXD - container startup/shutdown...
[[0;32m  OK  [0m] Started System Logging Service.
[[0;32m  OK  [0m] Started Snappy daemon.
[[0;32m  OK  [0m] Started iSCSI initiator daemon (iscsid).
[   47.041331] cloud-init[1117]: Generating locales (this might take a while)...
[[0;32m  OK  [0m] Started Pollinate to seed the pseudo random number generator.
[[0;32m  OK  [0m] Started /etc/rc.local Compatibility.
[[0;32m  OK  [0m] Started LXD - container startup/shutdown.
[[0;32m  OK  [0m] Started LSB: MD monitoring daemon.
[[0;32m  OK  [0m] Started LSB: Record successful boot for GRUB.
         Starting Authenticate and Authorize Users to Run Privileged Tasks...
         Starting OpenBSD Secure Shell server...
         Starting Login to default iSCSI targets...
[[0;32m  OK  [0m] Started OpenBSD Secure Shell server.
[[0;32m  OK  [0m] Started Login Service.
[[0;32m  OK  [0m] Started Authenticate and Authorize Users to Run Privileged Tasks.
[[0;32m  OK  [0m] Started Accounts Service.
[[0;32m  OK  [0m] Started Login to default iSCSI targets.
[[0;32m  OK  [0m] Reached target Remote File Systems (Pre).
[[0;32m  OK  [0m] Reached target Remote File Systems.
         Starting LSB: VirtualBox Linux Additions...
         Starting Permit User Sessions...
         Starting LSB: daemon to balance interrupts for SMP systems...
[   47.913974] cloud-init[1117]:   en_US.UTF-8... done
         Starting LSB: automatic crash report generation...
[   47.969169] cloud-init[1117]: Generation complete.
         Starting LSB: Set the CPU Frequency Scaling governor to "ondemand"...
[[0;32m  OK  [0m] Started Permit User Sessions.
[[0;32m  OK  [0m] Created slice User Slice of vagrant.
[   48.238525] cloud-init[1117]: Cloud-init v. 17.1 running 'modules:config' at Mon, 29 Jan 2018 00:08:20 +0000. Up 46.90 seconds.
[[0;32m  OK  [0m] Started Session 1 of user vagrant.
         Starting User Manager for UID 1000...
         Starting Hold until boot process finishes up...
         Starting Terminate Plymouth Boot Screen...
[[0;32m  OK  [0m] Started User Manager for UID 1000.
[[0;32m  OK  [0m] Started Apply the settings specified in cloud-config.
[[0;32m  OK  [0m] Started LSB: VirtualBox Linux Additions.
[[0;32m  OK  [0m] Started LSB: daemon to balance interrupts for SMP systems.
[[0;32m  OK  [0m] Started Hold until boot process finishes up.
[[0;32m  OK  [0m] Started Terminate Plymouth Boot Screen.
[[0;32m  OK  [0m] Started LSB: Set the CPU Frequency Scaling governor to "ondemand".
[[0;32m  OK  [0m] Started LSB: automatic crash report generation.
         Starting Set console scheme...
[[0;32m  OK  [0m] Started Getty on tty1.
[[0;32m  OK  [0m] Started Serial Getty on ttyS0.
[[0;32m  OK  [0m] Reached target Login Prompts.
[[0;32m  OK  [0m] Reached target Multi-User System.
[[0;32m  OK  [0m] Reached target Graphical Interface.
         Starting Update UTMP about System Runlevel Changes...
         Starting Execute cloud user/final scripts...
[[0;32m  OK  [0m] Started Set console scheme.
[[0;32m  OK  [0m] Started Update UTMP about System Runlevel Changes.
ci-info: no authorized ssh keys fingerprints found for user ubuntu.
<14>Jan 29 00:08:23 ec2: 
<14>Jan 29 00:08:23 ec2: #############################################################
<14>Jan 29 00:08:23 ec2: -----BEGIN SSH HOST KEY FINGERPRINTS-----
<14>Jan 29 00:08:23 ec2: 1024 SHA256:yJREbwf+0yEWzVpB+ib3e5wzykpnQ74X9MoVy+BBSoU root@ubuntu-xenial (DSA)
<14>Jan 29 00:08:23 ec2: 256 SHA256:mU22HkdaPq4ZS7zpsuqjhK5utD2hv8ILOUTkeu9GdBs root@ubuntu-xenial (ECDSA)
<14>Jan 29 00:08:23 ec2: 256 SHA256:cFdvVUHjaWL/uX1jrVV+eI5L1bhq6122AcLc7JgXPXM root@ubuntu-xenial (ED25519)
<14>Jan 29 00:08:23 ec2: 2048 SHA256:/jDn7gIdcSSNvfFqQguUtnSQ31C/yGT2Srdas0MMVUY root@ubuntu-xenial (RSA)
<14>Jan 29 00:08:23 ec2: -----END SSH HOST KEY FINGERPRINTS-----
<14>Jan 29 00:08:23 ec2: #############################################################
-----BEGIN SSH HOST KEY KEYS-----
ecdsa-sha2-nistp256 AAAAE2VjZHNhLXNoYTItbmlzdHAyNTYAAAAIbmlzdHAyNTYAAABBBNXCgtkZ/+w3xDSTaMIUsAw0upo//1NKpwVKeScVOf82697rS6Cn96CLZiUuzTfu8KFDsSCvdO/gweJvU3rwmkw= root@ubuntu-xenial
ssh-ed25519 AAAAC3NzaC1lZDI1NTE5AAAAIOS8a1ZdxIgk7+Z1dt38CG42ZTDeEjI957vHAqMb/9Ye root@ubuntu-xenial
ssh-rsa AAAAB3NzaC1yc2EAAAADAQABAAABAQC2GBZZWRrBzHLT9jBJ5jpt7rRSx8rdHB6xHWszUIfZONyUWsTnU5bImN7chu4s0GUsmgALXoAvh9Dqi4yu4bQ+n7nF0ixhr3phlBw/funPL5qHPDQFwphz3OBzGMVqJAbRhYjOyyMXvPVFLKD4BXXLfXmX33vVXT3z0R9h5ZIQcHkHpDvo/uCY0d4Q9ter4flpiG9FttYaZJ+tvpBFodqsBIoobm4fUzyTDvJK1CJKhkADUahNK+egSDnGE9TaUrjz7thaMnGKai37Ttj60xEX8plWIhkGn0dfQe2Bu+I8rF/IBVNbOzt9B/TG0izze9pvJ/d/vRVAinVJopuDRppZ root@ubuntu-xenial
-----END SSH HOST KEY KEYS-----
[   50.761237] cloud-init[1310]: Cloud-init v. 17.1 running 'modules:final' at Mon, 29 Jan 2018 00:08:23 +0000. Up 49.53 seconds.
[[0;32m  OK  [0m[   50.844709] ] cloud-initStarted Execute cloud user/final scripts.[1310]: 
ci-info: no authorized ssh keys fingerprints found for user ubuntu.
[   50.845290] cloud-init[1310]: Cloud-init v. 17.1 finished at Mon, 29 Jan 2018 00:08:24 +0000. Datasource DataSourceNoCloud [seed=/dev/sdb][dsmode=net].  Up 50.75 seconds
[[0;32m  OK  [0m] Reached target Cloud-init target.

Ubuntu 16.04.3 LTS ubuntu-xenial ttyS0

ubuntu-xenial login: 